<?xml version="1.0" encoding="UTF-8"?>
<testsuite xmlns:xsi="http://www.w3.org/2001/XMLSchema-instance" xsi:noNamespaceSchemaLocation="https://maven.apache.org/surefire/maven-surefire-plugin/xsd/surefire-test-report-3.0.xsd" version="3.0" name="at.jku.swtesting.RingBufferTest" time="0.018" tests="12" errors="0" skipped="0" failures="0">
  <properties>
[...]
</properties>
  <testcase name="ifEmptyRingBufferDequeued_dequeueThrowsException" classname="at.jku.swtesting.RingBufferTest" time="0.001"/>
  <testcase name="ifRingBufferIsIterated_iteratorReturnsCorrectOrderOfElements" classname="at.jku.swtesting.RingBufferTest" time="0.003"/>
  <testcase name="ifItemsEnqueued_sizeEqualsNoOfEnqueuedItems" classname="at.jku.swtesting.RingBufferTest" time="0.001"/>
  <testcase name="ifItemEnqueued_peekReturnsFirstItem" classname="at.jku.swtesting.RingBufferTest" time="0.002"/>
  <testcase name="ifRingBufferOverflows_nextItemAfterFormerFirstIsReturned" classname="at.jku.swtesting.RingBufferTest" time="0.001"/>
  <testcase name="ifItemsEnqueued_peekReturnsCorrectItems" classname="at.jku.swtesting.RingBufferTest" time="0.001"/>
  <testcase name="ifRingBufferOverFlowsAndIsIterated_iteratorReturnsCorrectOrderOfElements" classname="at.jku.swtesting.RingBufferTest" time="0.001"/>
  <testcase name="ifEmptyRingBufferPeeked_peekThrowsException" classname="at.jku.swtesting.RingBufferTest" time="0.001"/>
  <testcase name="ifItemDequeued_dequeueReturnsFirstItem" classname="at.jku.swtesting.RingBufferTest" time="0"/>
  <testcase name="ifItemsEnqueued_sizeEqualsCapacity" classname="at.jku.swtesting.RingBufferTest" time="0"/>
  <testcase name="ifCapacityOverOne_ringbufferInstantiated" classname="at.jku.swtesting.RingBufferTest" time="0"/>
  <testcase name="ifCapacityUnderOne_constructorThrowsException" classname="at.jku.swtesting.RingBufferTest" time="0"/>
</testsuite>